{"C:\\Users\\leono\\Desktop\\Github\\ZSSN\\teste-zssn\\src\\App.js": {"path":"C:\\Users\\leono\\Desktop\\Github\\ZSSN\\teste-zssn\\src\\App.js","statementMap":{"0":{"start":{"line":7,"column":12},"end":{"line":23,"column":1}},"1":{"start":{"line":8,"column":2},"end":{"line":22,"column":4}}},"fnMap":{"0":{"name":"(anonymous_0)","decl":{"start":{"line":7,"column":12},"end":{"line":7,"column":13}},"loc":{"start":{"line":7,"column":18},"end":{"line":23,"column":1}},"line":7}},"branchMap":{},"s":{"0":0,"1":0},"f":{"0":0},"b":{}}
,"C:\\Users\\leono\\Desktop\\Github\\ZSSN\\teste-zssn\\src\\index.js": {"path":"C:\\Users\\leono\\Desktop\\Github\\ZSSN\\teste-zssn\\src\\index.js","statementMap":{"0":{"start":{"line":5,"column":0},"end":{"line":5,"column":58}}},"fnMap":{},"branchMap":{},"s":{"0":0},"f":{},"b":{}}
,"C:\\Users\\leono\\Desktop\\Github\\ZSSN\\teste-zssn\\src\\components\\Home\\index.jsx": {"path":"C:\\Users\\leono\\Desktop\\Github\\ZSSN\\teste-zssn\\src\\components\\Home\\index.jsx","statementMap":{"0":{"start":{"line":5,"column":13},"end":{"line":23,"column":1}},"1":{"start":{"line":6,"column":2},"end":{"line":22,"column":4}}},"fnMap":{"0":{"name":"(anonymous_0)","decl":{"start":{"line":5,"column":13},"end":{"line":5,"column":14}},"loc":{"start":{"line":5,"column":19},"end":{"line":23,"column":1}},"line":5}},"branchMap":{},"s":{"0":1,"1":1},"f":{"0":1},"b":{},"_coverageSchema":"1a1c01bbd47fc00a2c39e90264f33305004495a9","hash":"806219174b152a7389b1137b642e3cc496561a50"}
,"C:\\Users\\leono\\Desktop\\Github\\ZSSN\\teste-zssn\\src\\components\\Localization\\index.jsx": {"path":"C:\\Users\\leono\\Desktop\\Github\\ZSSN\\teste-zssn\\src\\components\\Localization\\index.jsx","statementMap":{"0":{"start":{"line":6,"column":21},"end":{"line":67,"column":1}},"1":{"start":{"line":7,"column":30},"end":{"line":7,"column":43}},"2":{"start":{"line":8,"column":30},"end":{"line":8,"column":43}},"3":{"start":{"line":9,"column":38},"end":{"line":9,"column":50}},"4":{"start":{"line":10,"column":38},"end":{"line":10,"column":50}},"5":{"start":{"line":12,"column":23},"end":{"line":19,"column":3}},"6":{"start":{"line":13,"column":4},"end":{"line":13,"column":23}},"7":{"start":{"line":15,"column":4},"end":{"line":15,"column":26}},"8":{"start":{"line":16,"column":4},"end":{"line":16,"column":26}},"9":{"start":{"line":17,"column":4},"end":{"line":17,"column":22}},"10":{"start":{"line":18,"column":4},"end":{"line":18,"column":22}},"11":{"start":{"line":21,"column":2},"end":{"line":66,"column":4}},"12":{"start":{"line":40,"column":29},"end":{"line":40,"column":58}},"13":{"start":{"line":48,"column":29},"end":{"line":48,"column":58}}},"fnMap":{"0":{"name":"(anonymous_0)","decl":{"start":{"line":6,"column":21},"end":{"line":6,"column":22}},"loc":{"start":{"line":6,"column":27},"end":{"line":67,"column":1}},"line":6},"1":{"name":"(anonymous_1)","decl":{"start":{"line":12,"column":23},"end":{"line":12,"column":24}},"loc":{"start":{"line":12,"column":30},"end":{"line":19,"column":3}},"line":12},"2":{"name":"(anonymous_2)","decl":{"start":{"line":40,"column":22},"end":{"line":40,"column":23}},"loc":{"start":{"line":40,"column":29},"end":{"line":40,"column":58}},"line":40},"3":{"name":"(anonymous_3)","decl":{"start":{"line":48,"column":22},"end":{"line":48,"column":23}},"loc":{"start":{"line":48,"column":29},"end":{"line":48,"column":58}},"line":48}},"branchMap":{},"s":{"0":1,"1":5,"2":5,"3":5,"4":5,"5":5,"6":1,"7":1,"8":1,"9":1,"10":1,"11":5,"12":1,"13":1},"f":{"0":5,"1":1,"2":1,"3":1},"b":{},"_coverageSchema":"1a1c01bbd47fc00a2c39e90264f33305004495a9","hash":"d1e40a97bdc134bef3d420e7aae95affdf173834"}
,"C:\\Users\\leono\\Desktop\\Github\\ZSSN\\teste-zssn\\src\\components\\Trade\\index.jsx": {"path":"C:\\Users\\leono\\Desktop\\Github\\ZSSN\\teste-zssn\\src\\components\\Trade\\index.jsx","statementMap":{"0":{"start":{"line":6,"column":14},"end":{"line":245,"column":1}},"1":{"start":{"line":7,"column":26},"end":{"line":7,"column":37}},"2":{"start":{"line":8,"column":30},"end":{"line":8,"column":41}},"3":{"start":{"line":9,"column":32},"end":{"line":9,"column":43}},"4":{"start":{"line":10,"column":32},"end":{"line":10,"column":43}},"5":{"start":{"line":12,"column":59},"end":{"line":12,"column":71}},"6":{"start":{"line":13,"column":63},"end":{"line":18,"column":3}},"7":{"start":{"line":19,"column":16},"end":{"line":19,"column":69}},"8":{"start":{"line":21,"column":18},"end":{"line":23,"column":3}},"9":{"start":{"line":22,"column":4},"end":{"line":22,"column":22}},"10":{"start":{"line":25,"column":18},"end":{"line":31,"column":3}},"11":{"start":{"line":26,"column":4},"end":{"line":30,"column":5}},"12":{"start":{"line":27,"column":6},"end":{"line":27,"column":13}},"13":{"start":{"line":29,"column":6},"end":{"line":29,"column":24}},"14":{"start":{"line":33,"column":20},"end":{"line":35,"column":3}},"15":{"start":{"line":34,"column":4},"end":{"line":34,"column":26}},"16":{"start":{"line":37,"column":20},"end":{"line":43,"column":3}},"17":{"start":{"line":38,"column":4},"end":{"line":42,"column":5}},"18":{"start":{"line":39,"column":6},"end":{"line":39,"column":13}},"19":{"start":{"line":41,"column":6},"end":{"line":41,"column":28}},"20":{"start":{"line":45,"column":21},"end":{"line":47,"column":3}},"21":{"start":{"line":46,"column":4},"end":{"line":46,"column":28}},"22":{"start":{"line":49,"column":21},"end":{"line":55,"column":3}},"23":{"start":{"line":50,"column":4},"end":{"line":54,"column":5}},"24":{"start":{"line":51,"column":6},"end":{"line":51,"column":13}},"25":{"start":{"line":53,"column":6},"end":{"line":53,"column":30}},"26":{"start":{"line":57,"column":21},"end":{"line":59,"column":3}},"27":{"start":{"line":58,"column":4},"end":{"line":58,"column":28}},"28":{"start":{"line":61,"column":21},"end":{"line":67,"column":3}},"29":{"start":{"line":62,"column":4},"end":{"line":66,"column":5}},"30":{"start":{"line":63,"column":6},"end":{"line":63,"column":13}},"31":{"start":{"line":65,"column":6},"end":{"line":65,"column":30}},"32":{"start":{"line":69,"column":23},"end":{"line":74,"column":3}},"33":{"start":{"line":70,"column":4},"end":{"line":70,"column":15}},"34":{"start":{"line":71,"column":4},"end":{"line":71,"column":17}},"35":{"start":{"line":72,"column":4},"end":{"line":72,"column":18}},"36":{"start":{"line":73,"column":4},"end":{"line":73,"column":18}},"37":{"start":{"line":76,"column":20},"end":{"line":76,"column":25}},"38":{"start":{"line":77,"column":2},"end":{"line":79,"column":3}},"39":{"start":{"line":78,"column":4},"end":{"line":78,"column":23}},"40":{"start":{"line":81,"column":2},"end":{"line":244,"column":4}}},"fnMap":{"0":{"name":"(anonymous_0)","decl":{"start":{"line":6,"column":14},"end":{"line":6,"column":15}},"loc":{"start":{"line":6,"column":20},"end":{"line":245,"column":1}},"line":6},"1":{"name":"(anonymous_1)","decl":{"start":{"line":21,"column":18},"end":{"line":21,"column":19}},"loc":{"start":{"line":21,"column":24},"end":{"line":23,"column":3}},"line":21},"2":{"name":"(anonymous_2)","decl":{"start":{"line":25,"column":18},"end":{"line":25,"column":19}},"loc":{"start":{"line":25,"column":24},"end":{"line":31,"column":3}},"line":25},"3":{"name":"(anonymous_3)","decl":{"start":{"line":33,"column":20},"end":{"line":33,"column":21}},"loc":{"start":{"line":33,"column":26},"end":{"line":35,"column":3}},"line":33},"4":{"name":"(anonymous_4)","decl":{"start":{"line":37,"column":20},"end":{"line":37,"column":21}},"loc":{"start":{"line":37,"column":26},"end":{"line":43,"column":3}},"line":37},"5":{"name":"(anonymous_5)","decl":{"start":{"line":45,"column":21},"end":{"line":45,"column":22}},"loc":{"start":{"line":45,"column":27},"end":{"line":47,"column":3}},"line":45},"6":{"name":"(anonymous_6)","decl":{"start":{"line":49,"column":21},"end":{"line":49,"column":22}},"loc":{"start":{"line":49,"column":27},"end":{"line":55,"column":3}},"line":49},"7":{"name":"(anonymous_7)","decl":{"start":{"line":57,"column":21},"end":{"line":57,"column":22}},"loc":{"start":{"line":57,"column":27},"end":{"line":59,"column":3}},"line":57},"8":{"name":"(anonymous_8)","decl":{"start":{"line":61,"column":21},"end":{"line":61,"column":22}},"loc":{"start":{"line":61,"column":27},"end":{"line":67,"column":3}},"line":61},"9":{"name":"(anonymous_9)","decl":{"start":{"line":69,"column":23},"end":{"line":69,"column":24}},"loc":{"start":{"line":69,"column":30},"end":{"line":74,"column":3}},"line":69}},"branchMap":{"0":{"loc":{"start":{"line":26,"column":4},"end":{"line":30,"column":5}},"type":"if","locations":[{"start":{"line":26,"column":4},"end":{"line":30,"column":5}},{"start":{"line":28,"column":11},"end":{"line":30,"column":5}}],"line":26},"1":{"loc":{"start":{"line":38,"column":4},"end":{"line":42,"column":5}},"type":"if","locations":[{"start":{"line":38,"column":4},"end":{"line":42,"column":5}},{"start":{"line":40,"column":11},"end":{"line":42,"column":5}}],"line":38},"2":{"loc":{"start":{"line":50,"column":4},"end":{"line":54,"column":5}},"type":"if","locations":[{"start":{"line":50,"column":4},"end":{"line":54,"column":5}},{"start":{"line":52,"column":11},"end":{"line":54,"column":5}}],"line":50},"3":{"loc":{"start":{"line":62,"column":4},"end":{"line":66,"column":5}},"type":"if","locations":[{"start":{"line":62,"column":4},"end":{"line":66,"column":5}},{"start":{"line":64,"column":11},"end":{"line":66,"column":5}}],"line":62},"4":{"loc":{"start":{"line":77,"column":2},"end":{"line":79,"column":3}},"type":"if","locations":[{"start":{"line":77,"column":2},"end":{"line":79,"column":3}},{"start":{},"end":{}}],"line":77}},"s":{"0":1,"1":25,"2":25,"3":25,"4":25,"5":25,"6":25,"7":25,"8":25,"9":7,"10":25,"11":3,"12":1,"13":2,"14":25,"15":2,"16":25,"17":3,"18":1,"19":2,"20":25,"21":2,"22":25,"23":3,"24":1,"25":2,"26":25,"27":2,"28":25,"29":3,"30":1,"31":2,"32":25,"33":1,"34":1,"35":1,"36":1,"37":25,"38":25,"39":1,"40":25},"f":{"0":25,"1":7,"2":3,"3":2,"4":3,"5":2,"6":3,"7":2,"8":3,"9":1},"b":{"0":[1,2],"1":[1,2],"2":[1,2],"3":[1,2],"4":[1,24]},"_coverageSchema":"1a1c01bbd47fc00a2c39e90264f33305004495a9","hash":"58e4219eefa345920ec00c3d181a91826ac5442b"}
}
