TN:
SF:src\App.js
FN:7,(anonymous_0)
FNF:1
FNH:0
FNDA:0,(anonymous_0)
DA:7,0
DA:8,0
LF:2
LH:0
BRF:0
BRH:0
end_of_record
TN:
SF:src\index.js
FNF:0
FNH:0
DA:5,0
LF:1
LH:0
BRF:0
BRH:0
end_of_record
TN:
SF:src\components\Home\index.jsx
FN:5,(anonymous_0)
FNF:1
FNH:1
FNDA:1,(anonymous_0)
DA:5,1
DA:6,1
LF:2
LH:2
BRF:0
BRH:0
end_of_record
TN:
SF:src\components\Localization\index.jsx
FN:6,(anonymous_0)
FN:12,(anonymous_1)
FN:40,(anonymous_2)
FN:48,(anonymous_3)
FNF:4
FNH:4
FNDA:5,(anonymous_0)
FNDA:1,(anonymous_1)
FNDA:1,(anonymous_2)
FNDA:1,(anonymous_3)
DA:6,1
DA:7,5
DA:8,5
DA:9,5
DA:10,5
DA:12,5
DA:13,1
DA:15,1
DA:16,1
DA:17,1
DA:18,1
DA:21,5
DA:40,1
DA:48,1
LF:14
LH:14
BRF:0
BRH:0
end_of_record
TN:
SF:src\components\Trade\index.jsx
FN:6,(anonymous_0)
FN:21,(anonymous_1)
FN:25,(anonymous_2)
FN:33,(anonymous_3)
FN:37,(anonymous_4)
FN:45,(anonymous_5)
FN:49,(anonymous_6)
FN:57,(anonymous_7)
FN:61,(anonymous_8)
FN:69,(anonymous_9)
FNF:10
FNH:10
FNDA:25,(anonymous_0)
FNDA:7,(anonymous_1)
FNDA:3,(anonymous_2)
FNDA:2,(anonymous_3)
FNDA:3,(anonymous_4)
FNDA:2,(anonymous_5)
FNDA:3,(anonymous_6)
FNDA:2,(anonymous_7)
FNDA:3,(anonymous_8)
FNDA:1,(anonymous_9)
DA:6,1
DA:7,25
DA:8,25
DA:9,25
DA:10,25
DA:12,25
DA:13,25
DA:19,25
DA:21,25
DA:22,7
DA:25,25
DA:26,3
DA:27,1
DA:29,2
DA:33,25
DA:34,2
DA:37,25
DA:38,3
DA:39,1
DA:41,2
DA:45,25
DA:46,2
DA:49,25
DA:50,3
DA:51,1
DA:53,2
DA:57,25
DA:58,2
DA:61,25
DA:62,3
DA:63,1
DA:65,2
DA:69,25
DA:70,1
DA:71,1
DA:72,1
DA:73,1
DA:76,25
DA:77,25
DA:78,1
DA:81,25
LF:41
LH:41
BRDA:26,0,0,1
BRDA:26,0,1,2
BRDA:38,1,0,1
BRDA:38,1,1,2
BRDA:50,2,0,1
BRDA:50,2,1,2
BRDA:62,3,0,1
BRDA:62,3,1,2
BRDA:77,4,0,1
BRDA:77,4,1,24
BRF:10
BRH:10
end_of_record
